[2022-09-16 17:20:48] local.ERROR: Opis\Closure\SerializableClosure implements the Serializable interface, which is deprecated. Implement __serialize() and __unserialize() instead (or in addition, if support for old PHP versions is necessary) {"exception":"[object] (ErrorException(code: 0): Opis\\Closure\\SerializableClosure implements the Serializable interface, which is deprecated. Implement __serialize() and __unserialize() instead (or in addition, if support for old PHP versions is necessary) at /Users/oswinjerome/Projects/erp/vendor/opis/closure/src/SerializableClosure.php:18)
[stacktrace]
#0 /Users/oswinjerome/Projects/erp/vendor/opis/closure/src/SerializableClosure.php(18): Illuminate\\Foundation\\Bootstrap\\HandleExceptions->handleError(8192, 'Opis\\\\Closure\\\\Se...', '/Users/oswinjer...', 18)
#1 /Users/oswinjerome/Projects/erp/vendor/composer/ClassLoader.php(480): include('/Users/oswinjer...')
#2 /Users/oswinjerome/Projects/erp/vendor/composer/ClassLoader.php(346): Composer\\Autoload\\includeFile('/Users/oswinjer...')
#3 [internal function]: Composer\\Autoload\\ClassLoader->loadClass('Opis\\\\Closure\\\\Se...')
#4 /Users/oswinjerome/Projects/erp/vendor/laravel/framework/src/Illuminate/Encryption/EncryptionServiceProvider.php(45): class_exists('Opis\\\\Closure\\\\Se...')
#5 /Users/oswinjerome/Projects/erp/vendor/laravel/framework/src/Illuminate/Encryption/EncryptionServiceProvider.php(19): Illuminate\\Encryption\\EncryptionServiceProvider->registerOpisSecurityKey()
#6 /Users/oswinjerome/Projects/erp/vendor/laravel/framework/src/Illuminate/Foundation/Application.php(672): Illuminate\\Encryption\\EncryptionServiceProvider->register()
#7 /Users/oswinjerome/Projects/erp/vendor/laravel/framework/src/Illuminate/Foundation/ProviderRepository.php(75): Illuminate\\Foundation\\Application->register(Object(Illuminate\\Encryption\\EncryptionServiceProvider))
#8 /Users/oswinjerome/Projects/erp/vendor/laravel/framework/src/Illuminate/Foundation/Application.php(649): Illuminate\\Foundation\\ProviderRepository->load(Array)
#9 /Users/oswinjerome/Projects/erp/vendor/laravel/framework/src/Illuminate/Foundation/Bootstrap/RegisterProviders.php(17): Illuminate\\Foundation\\Application->registerConfiguredProviders()
#10 /Users/oswinjerome/Projects/erp/vendor/laravel/framework/src/Illuminate/Foundation/Application.php(237): Illuminate\\Foundation\\Bootstrap\\RegisterProviders->bootstrap(Object(Illuminate\\Foundation\\Application))
#11 /Users/oswinjerome/Projects/erp/vendor/laravel/framework/src/Illuminate/Foundation/Http/Kernel.php(152): Illuminate\\Foundation\\Application->bootstrapWith(Array)
#12 /Users/oswinjerome/Projects/erp/vendor/laravel/framework/src/Illuminate/Foundation/Http/Kernel.php(136): Illuminate\\Foundation\\Http\\Kernel->bootstrap()
#13 /Users/oswinjerome/Projects/erp/vendor/laravel/framework/src/Illuminate/Foundation/Http/Kernel.php(110): Illuminate\\Foundation\\Http\\Kernel->sendRequestThroughRouter(Object(Illuminate\\Http\\Request))
#14 /Users/oswinjerome/Projects/erp/public/index.php(52): Illuminate\\Foundation\\Http\\Kernel->handle(Object(Illuminate\\Http\\Request))
#15 /Users/oswinjerome/.composer/vendor/laravel/valet/server.php(234): require('/Users/oswinjer...')
#16 {main}
"} 
[2022-09-16 17:20:48] local.ERROR: Target class [view] does not exist. {"exception":"[object] (Illuminate\\Contracts\\Container\\BindingResolutionException(code: 0): Target class [view] does not exist. at /Users/oswinjerome/Projects/erp/vendor/laravel/framework/src/Illuminate/Container/Container.php:875)
[stacktrace]
#0 /Users/oswinjerome/Projects/erp/vendor/laravel/framework/src/Illuminate/Container/Container.php(754): Illuminate\\Container\\Container->build('view')
#1 /Users/oswinjerome/Projects/erp/vendor/laravel/framework/src/Illuminate/Foundation/Application.php(841): Illuminate\\Container\\Container->resolve('view', Array, true)
#2 /Users/oswinjerome/Projects/erp/vendor/laravel/framework/src/Illuminate/Container/Container.php(692): Illuminate\\Foundation\\Application->resolve('view', Array)
#3 /Users/oswinjerome/Projects/erp/vendor/laravel/framework/src/Illuminate/Foundation/Application.php(826): Illuminate\\Container\\Container->make('view', Array)
#4 /Users/oswinjerome/Projects/erp/vendor/laravel/framework/src/Illuminate/Container/Container.php(1419): Illuminate\\Foundation\\Application->make('view')
#5 /Users/oswinjerome/Projects/erp/vendor/laravel/framework/src/Illuminate/Support/Facades/Facade.php(198): Illuminate\\Container\\Container->offsetGet('view')
#6 /Users/oswinjerome/Projects/erp/vendor/laravel/framework/src/Illuminate/Support/Facades/Facade.php(166): Illuminate\\Support\\Facades\\Facade::resolveFacadeInstance('view')
#7 /Users/oswinjerome/Projects/erp/vendor/laravel/framework/src/Illuminate/Support/Facades/Facade.php(255): Illuminate\\Support\\Facades\\Facade::getFacadeRoot()
#8 /Users/oswinjerome/Projects/erp/vendor/laravel/framework/src/Illuminate/Foundation/Exceptions/RegisterErrorViewPaths.php(18): Illuminate\\Support\\Facades\\Facade::__callStatic('replaceNamespac...', Array)
#9 /Users/oswinjerome/Projects/erp/vendor/laravel/framework/src/Illuminate/Foundation/Exceptions/Handler.php(586): Illuminate\\Foundation\\Exceptions\\RegisterErrorViewPaths->__invoke()
#10 /Users/oswinjerome/Projects/erp/vendor/laravel/framework/src/Illuminate/Foundation/Exceptions/Handler.php(567): Illuminate\\Foundation\\Exceptions\\Handler->registerErrorViewPaths()
#11 /Users/oswinjerome/Projects/erp/vendor/laravel/framework/src/Illuminate/Foundation/Exceptions/Handler.php(478): Illuminate\\Foundation\\Exceptions\\Handler->renderHttpException(Object(Symfony\\Component\\HttpKernel\\Exception\\HttpException))
#12 /Users/oswinjerome/Projects/erp/vendor/laravel/framework/src/Illuminate/Foundation/Exceptions/Handler.php(356): Illuminate\\Foundation\\Exceptions\\Handler->prepareResponse(Object(Illuminate\\Http\\Request), Object(Symfony\\Component\\HttpKernel\\Exception\\HttpException))
#13 /Users/oswinjerome/Projects/erp/vendor/laravel/framework/src/Illuminate/Foundation/Http/Kernel.php(426): Illuminate\\Foundation\\Exceptions\\Handler->render(Object(Illuminate\\Http\\Request), Object(ErrorException))
#14 /Users/oswinjerome/Projects/erp/vendor/laravel/framework/src/Illuminate/Foundation/Http/Kernel.php(114): Illuminate\\Foundation\\Http\\Kernel->renderException(Object(Illuminate\\Http\\Request), Object(ErrorException))
#15 /Users/oswinjerome/Projects/erp/public/index.php(52): Illuminate\\Foundation\\Http\\Kernel->handle(Object(Illuminate\\Http\\Request))
#16 /Users/oswinjerome/.composer/vendor/laravel/valet/server.php(234): require('/Users/oswinjer...')
#17 {main}

[previous exception] [object] (ReflectionException(code: -1): Class \"view\" does not exist at /Users/oswinjerome/Projects/erp/vendor/laravel/framework/src/Illuminate/Container/Container.php:873)
[stacktrace]
#0 /Users/oswinjerome/Projects/erp/vendor/laravel/framework/src/Illuminate/Container/Container.php(873): ReflectionClass->__construct('view')
#1 /Users/oswinjerome/Projects/erp/vendor/laravel/framework/src/Illuminate/Container/Container.php(754): Illuminate\\Container\\Container->build('view')
#2 /Users/oswinjerome/Projects/erp/vendor/laravel/framework/src/Illuminate/Foundation/Application.php(841): Illuminate\\Container\\Container->resolve('view', Array, true)
#3 /Users/oswinjerome/Projects/erp/vendor/laravel/framework/src/Illuminate/Container/Container.php(692): Illuminate\\Foundation\\Application->resolve('view', Array)
#4 /Users/oswinjerome/Projects/erp/vendor/laravel/framework/src/Illuminate/Foundation/Application.php(826): Illuminate\\Container\\Container->make('view', Array)
#5 /Users/oswinjerome/Projects/erp/vendor/laravel/framework/src/Illuminate/Container/Container.php(1419): Illuminate\\Foundation\\Application->make('view')
#6 /Users/oswinjerome/Projects/erp/vendor/laravel/framework/src/Illuminate/Support/Facades/Facade.php(198): Illuminate\\Container\\Container->offsetGet('view')
#7 /Users/oswinjerome/Projects/erp/vendor/laravel/framework/src/Illuminate/Support/Facades/Facade.php(166): Illuminate\\Support\\Facades\\Facade::resolveFacadeInstance('view')
#8 /Users/oswinjerome/Projects/erp/vendor/laravel/framework/src/Illuminate/Support/Facades/Facade.php(255): Illuminate\\Support\\Facades\\Facade::getFacadeRoot()
#9 /Users/oswinjerome/Projects/erp/vendor/laravel/framework/src/Illuminate/Foundation/Exceptions/RegisterErrorViewPaths.php(18): Illuminate\\Support\\Facades\\Facade::__callStatic('replaceNamespac...', Array)
#10 /Users/oswinjerome/Projects/erp/vendor/laravel/framework/src/Illuminate/Foundation/Exceptions/Handler.php(586): Illuminate\\Foundation\\Exceptions\\RegisterErrorViewPaths->__invoke()
#11 /Users/oswinjerome/Projects/erp/vendor/laravel/framework/src/Illuminate/Foundation/Exceptions/Handler.php(567): Illuminate\\Foundation\\Exceptions\\Handler->registerErrorViewPaths()
#12 /Users/oswinjerome/Projects/erp/vendor/laravel/framework/src/Illuminate/Foundation/Exceptions/Handler.php(478): Illuminate\\Foundation\\Exceptions\\Handler->renderHttpException(Object(Symfony\\Component\\HttpKernel\\Exception\\HttpException))
#13 /Users/oswinjerome/Projects/erp/vendor/laravel/framework/src/Illuminate/Foundation/Exceptions/Handler.php(356): Illuminate\\Foundation\\Exceptions\\Handler->prepareResponse(Object(Illuminate\\Http\\Request), Object(Symfony\\Component\\HttpKernel\\Exception\\HttpException))
#14 /Users/oswinjerome/Projects/erp/vendor/laravel/framework/src/Illuminate/Foundation/Http/Kernel.php(426): Illuminate\\Foundation\\Exceptions\\Handler->render(Object(Illuminate\\Http\\Request), Object(ErrorException))
#15 /Users/oswinjerome/Projects/erp/vendor/laravel/framework/src/Illuminate/Foundation/Http/Kernel.php(114): Illuminate\\Foundation\\Http\\Kernel->renderException(Object(Illuminate\\Http\\Request), Object(ErrorException))
#16 /Users/oswinjerome/Projects/erp/public/index.php(52): Illuminate\\Foundation\\Http\\Kernel->handle(Object(Illuminate\\Http\\Request))
#17 /Users/oswinjerome/.composer/vendor/laravel/valet/server.php(234): require('/Users/oswinjer...')
#18 {main}
"} 
[2022-09-16 17:20:48] local.ERROR: Uncaught ReflectionException: Class "view" does not exist in /Users/oswinjerome/Projects/erp/vendor/laravel/framework/src/Illuminate/Container/Container.php:873
Stack trace:
#0 /Users/oswinjerome/Projects/erp/vendor/laravel/framework/src/Illuminate/Container/Container.php(873): ReflectionClass->__construct('view')
#1 /Users/oswinjerome/Projects/erp/vendor/laravel/framework/src/Illuminate/Container/Container.php(754): Illuminate\Container\Container->build('view')
#2 /Users/oswinjerome/Projects/erp/vendor/laravel/framework/src/Illuminate/Foundation/Application.php(841): Illuminate\Container\Container->resolve('view', Array, true)
#3 /Users/oswinjerome/Projects/erp/vendor/laravel/framework/src/Illuminate/Container/Container.php(692): Illuminate\Foundation\Application->resolve('view', Array)
#4 /Users/oswinjerome/Projects/erp/vendor/laravel/framework/src/Illuminate/Foundation/Application.php(826): Illuminate\Container\Container->make('view', Array)
#5 /Users/oswinjerome/Projects/erp/vendor/laravel/framework/src/Illuminate/Container/Container.php(1419): Illuminate\Foundation\Application->make('view')
#6 /Users/oswinjerome/Projects/erp/vendor/laravel/framework/src/Illuminate/Support/Facades/Facade.php(198): Illuminate\Container\Container->offsetGet('view')
#7 /Users/oswinjerome/Projects/erp/vendor/laravel/framework/src/Illuminate/Support/Facades/Facade.php(166): Illuminate\Support\Facades\Facade::resolveFacadeInstance('view')
#8 /Users/oswinjerome/Projects/erp/vendor/laravel/framework/src/Illuminate/Support/Facades/Facade.php(255): Illuminate\Support\Facades\Facade::getFacadeRoot()
#9 /Users/oswinjerome/Projects/erp/vendor/laravel/framework/src/Illuminate/Foundation/Exceptions/RegisterErrorViewPaths.php(18): Illuminate\Support\Facades\Facade::__callStatic('replaceNamespac...', Array)
#10 /Users/oswinjerome/Projects/erp/vendor/laravel/framework/src/Illuminate/Foundation/Exceptions/Handler.php(586): Illuminate\Foundation\Exceptions\RegisterErrorViewPaths->__invoke()
#11 /Users/oswinjerome/Projects/erp/vendor/laravel/framework/src/Illuminate/Foundation/Exceptions/Handler.php(567): Illuminate\Foundation\Exceptions\Handler->registerErrorViewPaths()
#12 /Users/oswinjerome/Projects/erp/vendor/laravel/framework/src/Illuminate/Foundation/Exceptions/Handler.php(478): Illuminate\Foundation\Exceptions\Handler->renderHttpException(Object(Symfony\Component\HttpKernel\Exception\HttpException))
#13 /Users/oswinjerome/Projects/erp/vendor/laravel/framework/src/Illuminate/Foundation/Exceptions/Handler.php(356): Illuminate\Foundation\Exceptions\Handler->prepareResponse(Object(Illuminate\Http\Request), Object(Symfony\Component\HttpKernel\Exception\HttpException))
#14 /Users/oswinjerome/Projects/erp/vendor/laravel/framework/src/Illuminate/Foundation/Bootstrap/HandleExceptions.php(119): Illuminate\Foundation\Exceptions\Handler->render(Object(Illuminate\Http\Request), Object(Illuminate\Contracts\Container\BindingResolutionException))
#15 /Users/oswinjerome/Projects/erp/vendor/laravel/framework/src/Illuminate/Foundation/Bootstrap/HandleExceptions.php(96): Illuminate\Foundation\Bootstrap\HandleExceptions->renderHttpResponse(Object(Illuminate\Contracts\Container\BindingResolutionException))
#16 [internal function]: Illuminate\Foundation\Bootstrap\HandleExceptions->handleException(Object(Illuminate\Contracts\Container\BindingResolutionException))
#17 {main}

Next Illuminate\Contracts\Container\BindingResolutionException: Target class [view] does not exist. in /Users/oswinjerome/Projects/erp/vendor/laravel/framework/src/Illuminate/Container/Container.php:875
Stack trace:
#0 /Users/oswinjerome/Projects/erp/vendor/laravel/framework/src/Illuminate/Container/Container.php(754): Illuminate\Container\Container->build('view')
#1 /Users/oswinjerome/Projects/erp/vendor/laravel/framework/src/Illuminate/Foundation/Application.php(841): Illuminate\Container\Container->resolve('view', Array, true)
#2 /Users/oswinjerome/Projects/erp/vendor/laravel/framework/src/Illuminate/Container/Container.php(692): Illuminate\Foundation\Application->resolve('view', Array)
#3 /Users/oswinjerome/Projects/erp/vendor/laravel/framework/src/Illuminate/Foundation/Application.php(826): Illuminate\Container\Container->make('view', Array)
#4 /Users/oswinjerome/Projects/erp/vendor/laravel/framework/src/Illuminate/Container/Container.php(1419): Illuminate\Foundation\Application->make('view')
#5 /Users/oswinjerome/Projects/erp/vendor/laravel/framework/src/Illuminate/Support/Facades/Facade.php(198): Illuminate\Container\Container->offsetGet('view')
#6 /Users/oswinjerome/Projects/erp/vendor/laravel/framework/src/Illuminate/Support/Facades/Facade.php(166): Illuminate\Support\Facades\Facade::resolveFacadeInstance('view')
#7 /Users/oswinjerome/Projects/erp/vendor/laravel/framework/src/Illuminate/Support/Facades/Facade.php(255): Illuminate\Support\Facades\Facade::getFacadeRoot()
#8 /Users/oswinjerome/Projects/erp/vendor/laravel/framework/src/Illuminate/Foundation/Exceptions/RegisterErrorViewPaths.php(18): Illuminate\Support\Facades\Facade::__callStatic('replaceNamespac...', Array)
#9 /Users/oswinjerome/Projects/erp/vendor/laravel/framework/src/Illuminate/Foundation/Exceptions/Handler.php(586): Illuminate\Foundation\Exceptions\RegisterErrorViewPaths->__invoke()
#10 /Users/oswinjerome/Projects/erp/vendor/laravel/framework/src/Illuminate/Foundation/Exceptions/Handler.php(567): Illuminate\Foundation\Exceptions\Handler->registerErrorViewPaths()
#11 /Users/oswinjerome/Projects/erp/vendor/laravel/framework/src/Illuminate/Foundation/Exceptions/Handler.php(478): Illuminate\Foundation\Exceptions\Handler->renderHttpException(Object(Symfony\Component\HttpKernel\Exception\HttpException))
#12 /Users/oswinjerome/Projects/erp/vendor/laravel/framework/src/Illuminate/Foundation/Exceptions/Handler.php(356): Illuminate\Foundation\Exceptions\Handler->prepareResponse(Object(Illuminate\Http\Request), Object(Symfony\Component\HttpKernel\Exception\HttpException))
#13 /Users/oswinjerome/Projects/erp/vendor/laravel/framework/src/Illuminate/Foundation/Bootstrap/HandleExceptions.php(119): Illuminate\Foundation\Exceptions\Handler->render(Object(Illuminate\Http\Request), Object(Illuminate\Contracts\Container\BindingResolutionException))
#14 /Users/oswinjerome/Projects/erp/vendor/laravel/framework/src/Illuminate/Foundation/Bootstrap/HandleExceptions.php(96): Illuminate\Foundation\Bootstrap\HandleExceptions->renderHttpResponse(Object(Illuminate\Contracts\Container\BindingResolutionException))
#15 [internal function]: Illuminate\Foundation\Bootstrap\HandleExceptions->handleException(Object(Illuminate\Contracts\Container\BindingResolutionException))
#16 {main}
  thrown {"exception":"[object] (Symfony\\Component\\ErrorHandler\\Error\\FatalError(code: 0): Uncaught ReflectionException: Class \"view\" does not exist in /Users/oswinjerome/Projects/erp/vendor/laravel/framework/src/Illuminate/Container/Container.php:873
Stack trace:
#0 /Users/oswinjerome/Projects/erp/vendor/laravel/framework/src/Illuminate/Container/Container.php(873): ReflectionClass->__construct('view')
#1 /Users/oswinjerome/Projects/erp/vendor/laravel/framework/src/Illuminate/Container/Container.php(754): Illuminate\\Container\\Container->build('view')
#2 /Users/oswinjerome/Projects/erp/vendor/laravel/framework/src/Illuminate/Foundation/Application.php(841): Illuminate\\Container\\Container->resolve('view', Array, true)
#3 /Users/oswinjerome/Projects/erp/vendor/laravel/framework/src/Illuminate/Container/Container.php(692): Illuminate\\Foundation\\Application->resolve('view', Array)
#4 /Users/oswinjerome/Projects/erp/vendor/laravel/framework/src/Illuminate/Foundation/Application.php(826): Illuminate\\Container\\Container->make('view', Array)
#5 /Users/oswinjerome/Projects/erp/vendor/laravel/framework/src/Illuminate/Container/Container.php(1419): Illuminate\\Foundation\\Application->make('view')
#6 /Users/oswinjerome/Projects/erp/vendor/laravel/framework/src/Illuminate/Support/Facades/Facade.php(198): Illuminate\\Container\\Container->offsetGet('view')
#7 /Users/oswinjerome/Projects/erp/vendor/laravel/framework/src/Illuminate/Support/Facades/Facade.php(166): Illuminate\\Support\\Facades\\Facade::resolveFacadeInstance('view')
#8 /Users/oswinjerome/Projects/erp/vendor/laravel/framework/src/Illuminate/Support/Facades/Facade.php(255): Illuminate\\Support\\Facades\\Facade::getFacadeRoot()
#9 /Users/oswinjerome/Projects/erp/vendor/laravel/framework/src/Illuminate/Foundation/Exceptions/RegisterErrorViewPaths.php(18): Illuminate\\Support\\Facades\\Facade::__callStatic('replaceNamespac...', Array)
#10 /Users/oswinjerome/Projects/erp/vendor/laravel/framework/src/Illuminate/Foundation/Exceptions/Handler.php(586): Illuminate\\Foundation\\Exceptions\\RegisterErrorViewPaths->__invoke()
#11 /Users/oswinjerome/Projects/erp/vendor/laravel/framework/src/Illuminate/Foundation/Exceptions/Handler.php(567): Illuminate\\Foundation\\Exceptions\\Handler->registerErrorViewPaths()
#12 /Users/oswinjerome/Projects/erp/vendor/laravel/framework/src/Illuminate/Foundation/Exceptions/Handler.php(478): Illuminate\\Foundation\\Exceptions\\Handler->renderHttpException(Object(Symfony\\Component\\HttpKernel\\Exception\\HttpException))
#13 /Users/oswinjerome/Projects/erp/vendor/laravel/framework/src/Illuminate/Foundation/Exceptions/Handler.php(356): Illuminate\\Foundation\\Exceptions\\Handler->prepareResponse(Object(Illuminate\\Http\\Request), Object(Symfony\\Component\\HttpKernel\\Exception\\HttpException))
#14 /Users/oswinjerome/Projects/erp/vendor/laravel/framework/src/Illuminate/Foundation/Bootstrap/HandleExceptions.php(119): Illuminate\\Foundation\\Exceptions\\Handler->render(Object(Illuminate\\Http\\Request), Object(Illuminate\\Contracts\\Container\\BindingResolutionException))
#15 /Users/oswinjerome/Projects/erp/vendor/laravel/framework/src/Illuminate/Foundation/Bootstrap/HandleExceptions.php(96): Illuminate\\Foundation\\Bootstrap\\HandleExceptions->renderHttpResponse(Object(Illuminate\\Contracts\\Container\\BindingResolutionException))
#16 [internal function]: Illuminate\\Foundation\\Bootstrap\\HandleExceptions->handleException(Object(Illuminate\\Contracts\\Container\\BindingResolutionException))
#17 {main}

Next Illuminate\\Contracts\\Container\\BindingResolutionException: Target class [view] does not exist. in /Users/oswinjerome/Projects/erp/vendor/laravel/framework/src/Illuminate/Container/Container.php:875
Stack trace:
#0 /Users/oswinjerome/Projects/erp/vendor/laravel/framework/src/Illuminate/Container/Container.php(754): Illuminate\\Container\\Container->build('view')
#1 /Users/oswinjerome/Projects/erp/vendor/laravel/framework/src/Illuminate/Foundation/Application.php(841): Illuminate\\Container\\Container->resolve('view', Array, true)
#2 /Users/oswinjerome/Projects/erp/vendor/laravel/framework/src/Illuminate/Container/Container.php(692): Illuminate\\Foundation\\Application->resolve('view', Array)
#3 /Users/oswinjerome/Projects/erp/vendor/laravel/framework/src/Illuminate/Foundation/Application.php(826): Illuminate\\Container\\Container->make('view', Array)
#4 /Users/oswinjerome/Projects/erp/vendor/laravel/framework/src/Illuminate/Container/Container.php(1419): Illuminate\\Foundation\\Application->make('view')
#5 /Users/oswinjerome/Projects/erp/vendor/laravel/framework/src/Illuminate/Support/Facades/Facade.php(198): Illuminate\\Container\\Container->offsetGet('view')
#6 /Users/oswinjerome/Projects/erp/vendor/laravel/framework/src/Illuminate/Support/Facades/Facade.php(166): Illuminate\\Support\\Facades\\Facade::resolveFacadeInstance('view')
#7 /Users/oswinjerome/Projects/erp/vendor/laravel/framework/src/Illuminate/Support/Facades/Facade.php(255): Illuminate\\Support\\Facades\\Facade::getFacadeRoot()
#8 /Users/oswinjerome/Projects/erp/vendor/laravel/framework/src/Illuminate/Foundation/Exceptions/RegisterErrorViewPaths.php(18): Illuminate\\Support\\Facades\\Facade::__callStatic('replaceNamespac...', Array)
#9 /Users/oswinjerome/Projects/erp/vendor/laravel/framework/src/Illuminate/Foundation/Exceptions/Handler.php(586): Illuminate\\Foundation\\Exceptions\\RegisterErrorViewPaths->__invoke()
#10 /Users/oswinjerome/Projects/erp/vendor/laravel/framework/src/Illuminate/Foundation/Exceptions/Handler.php(567): Illuminate\\Foundation\\Exceptions\\Handler->registerErrorViewPaths()
#11 /Users/oswinjerome/Projects/erp/vendor/laravel/framework/src/Illuminate/Foundation/Exceptions/Handler.php(478): Illuminate\\Foundation\\Exceptions\\Handler->renderHttpException(Object(Symfony\\Component\\HttpKernel\\Exception\\HttpException))
#12 /Users/oswinjerome/Projects/erp/vendor/laravel/framework/src/Illuminate/Foundation/Exceptions/Handler.php(356): Illuminate\\Foundation\\Exceptions\\Handler->prepareResponse(Object(Illuminate\\Http\\Request), Object(Symfony\\Component\\HttpKernel\\Exception\\HttpException))
#13 /Users/oswinjerome/Projects/erp/vendor/laravel/framework/src/Illuminate/Foundation/Bootstrap/HandleExceptions.php(119): Illuminate\\Foundation\\Exceptions\\Handler->render(Object(Illuminate\\Http\\Request), Object(Illuminate\\Contracts\\Container\\BindingResolutionException))
#14 /Users/oswinjerome/Projects/erp/vendor/laravel/framework/src/Illuminate/Foundation/Bootstrap/HandleExceptions.php(96): Illuminate\\Foundation\\Bootstrap\\HandleExceptions->renderHttpResponse(Object(Illuminate\\Contracts\\Container\\BindingResolutionException))
#15 [internal function]: Illuminate\\Foundation\\Bootstrap\\HandleExceptions->handleException(Object(Illuminate\\Contracts\\Container\\BindingResolutionException))
#16 {main}
  thrown at /Users/oswinjerome/Projects/erp/vendor/laravel/framework/src/Illuminate/Container/Container.php:875)
[stacktrace]
#0 /Users/oswinjerome/Projects/erp/vendor/laravel/framework/src/Illuminate/Foundation/Bootstrap/HandleExceptions.php(143): Symfony\\Component\\ErrorHandler\\Error\\FatalError->__construct(message: ''Uncaught Refle...', code: '0', error: '['type' => 1, '...', traceOffset: '0', traceArgs: '???', trace: '???')
#1 /Users/oswinjerome/Projects/erp/vendor/laravel/framework/src/Illuminate/Foundation/Bootstrap/HandleExceptions.php(130): Illuminate\\Foundation\\Bootstrap\\HandleExceptions->fatalErrorFromPhpError(error: '['type' => 1, '...', traceOffset: '0')
#2 /Users/oswinjerome/Projects/erp/vendor/laravel/framework/src/Illuminate/Foundation/Bootstrap/HandleExceptions.php(0): Illuminate\\Foundation\\Bootstrap\\HandleExceptions->handleShutdown()
#3 {main}
"} 
[2022-09-16 17:21:07] local.ERROR: Opis\Closure\SerializableClosure implements the Serializable interface, which is deprecated. Implement __serialize() and __unserialize() instead (or in addition, if support for old PHP versions is necessary) {"exception":"[object] (ErrorException(code: 0): Opis\\Closure\\SerializableClosure implements the Serializable interface, which is deprecated. Implement __serialize() and __unserialize() instead (or in addition, if support for old PHP versions is necessary) at /Users/oswinjerome/Projects/erp/vendor/opis/closure/src/SerializableClosure.php:18)
[stacktrace]
#0 /Users/oswinjerome/Projects/erp/vendor/opis/closure/src/SerializableClosure.php(18): Illuminate\\Foundation\\Bootstrap\\HandleExceptions->handleError(8192, 'Opis\\\\Closure\\\\Se...', '/Users/oswinjer...', 18)
#1 /Users/oswinjerome/Projects/erp/vendor/composer/ClassLoader.php(480): include('/Users/oswinjer...')
#2 /Users/oswinjerome/Projects/erp/vendor/composer/ClassLoader.php(346): Composer\\Autoload\\includeFile('/Users/oswinjer...')
#3 [internal function]: Composer\\Autoload\\ClassLoader->loadClass('Opis\\\\Closure\\\\Se...')
#4 /Users/oswinjerome/Projects/erp/vendor/laravel/framework/src/Illuminate/Encryption/EncryptionServiceProvider.php(45): class_exists('Opis\\\\Closure\\\\Se...')
#5 /Users/oswinjerome/Projects/erp/vendor/laravel/framework/src/Illuminate/Encryption/EncryptionServiceProvider.php(19): Illuminate\\Encryption\\EncryptionServiceProvider->registerOpisSecurityKey()
#6 /Users/oswinjerome/Projects/erp/vendor/laravel/framework/src/Illuminate/Foundation/Application.php(672): Illuminate\\Encryption\\EncryptionServiceProvider->register()
#7 /Users/oswinjerome/Projects/erp/vendor/laravel/framework/src/Illuminate/Foundation/ProviderRepository.php(75): Illuminate\\Foundation\\Application->register(Object(Illuminate\\Encryption\\EncryptionServiceProvider))
#8 /Users/oswinjerome/Projects/erp/vendor/laravel/framework/src/Illuminate/Foundation/Application.php(649): Illuminate\\Foundation\\ProviderRepository->load(Array)
#9 /Users/oswinjerome/Projects/erp/vendor/laravel/framework/src/Illuminate/Foundation/Bootstrap/RegisterProviders.php(17): Illuminate\\Foundation\\Application->registerConfiguredProviders()
#10 /Users/oswinjerome/Projects/erp/vendor/laravel/framework/src/Illuminate/Foundation/Application.php(237): Illuminate\\Foundation\\Bootstrap\\RegisterProviders->bootstrap(Object(Illuminate\\Foundation\\Application))
#11 /Users/oswinjerome/Projects/erp/vendor/laravel/framework/src/Illuminate/Foundation/Http/Kernel.php(152): Illuminate\\Foundation\\Application->bootstrapWith(Array)
#12 /Users/oswinjerome/Projects/erp/vendor/laravel/framework/src/Illuminate/Foundation/Http/Kernel.php(136): Illuminate\\Foundation\\Http\\Kernel->bootstrap()
#13 /Users/oswinjerome/Projects/erp/vendor/laravel/framework/src/Illuminate/Foundation/Http/Kernel.php(110): Illuminate\\Foundation\\Http\\Kernel->sendRequestThroughRouter(Object(Illuminate\\Http\\Request))
#14 /Users/oswinjerome/Projects/erp/public/index.php(52): Illuminate\\Foundation\\Http\\Kernel->handle(Object(Illuminate\\Http\\Request))
#15 /Users/oswinjerome/.composer/vendor/laravel/valet/server.php(234): require('/Users/oswinjer...')
#16 {main}
"} 
[2022-09-16 17:21:49] local.ERROR: Opis\Closure\SerializableClosure implements the Serializable interface, which is deprecated. Implement __serialize() and __unserialize() instead (or in addition, if support for old PHP versions is necessary) {"exception":"[object] (ErrorException(code: 0): Opis\\Closure\\SerializableClosure implements the Serializable interface, which is deprecated. Implement __serialize() and __unserialize() instead (or in addition, if support for old PHP versions is necessary) at /Users/oswinjerome/Projects/erp/vendor/opis/closure/src/SerializableClosure.php:18)
[stacktrace]
#0 /Users/oswinjerome/Projects/erp/vendor/opis/closure/src/SerializableClosure.php(18): Illuminate\\Foundation\\Bootstrap\\HandleExceptions->handleError(8192, 'Opis\\\\Closure\\\\Se...', '/Users/oswinjer...', 18)
#1 /Users/oswinjerome/Projects/erp/vendor/composer/ClassLoader.php(480): include('/Users/oswinjer...')
#2 /Users/oswinjerome/Projects/erp/vendor/composer/ClassLoader.php(346): Composer\\Autoload\\includeFile('/Users/oswinjer...')
#3 [internal function]: Composer\\Autoload\\ClassLoader->loadClass('Opis\\\\Closure\\\\Se...')
#4 /Users/oswinjerome/Projects/erp/vendor/laravel/framework/src/Illuminate/Encryption/EncryptionServiceProvider.php(45): class_exists('Opis\\\\Closure\\\\Se...')
#5 /Users/oswinjerome/Projects/erp/vendor/laravel/framework/src/Illuminate/Encryption/EncryptionServiceProvider.php(19): Illuminate\\Encryption\\EncryptionServiceProvider->registerOpisSecurityKey()
#6 /Users/oswinjerome/Projects/erp/vendor/laravel/framework/src/Illuminate/Foundation/Application.php(672): Illuminate\\Encryption\\EncryptionServiceProvider->register()
#7 /Users/oswinjerome/Projects/erp/vendor/laravel/framework/src/Illuminate/Foundation/ProviderRepository.php(75): Illuminate\\Foundation\\Application->register(Object(Illuminate\\Encryption\\EncryptionServiceProvider))
#8 /Users/oswinjerome/Projects/erp/vendor/laravel/framework/src/Illuminate/Foundation/Application.php(649): Illuminate\\Foundation\\ProviderRepository->load(Array)
#9 /Users/oswinjerome/Projects/erp/vendor/laravel/framework/src/Illuminate/Foundation/Bootstrap/RegisterProviders.php(17): Illuminate\\Foundation\\Application->registerConfiguredProviders()
#10 /Users/oswinjerome/Projects/erp/vendor/laravel/framework/src/Illuminate/Foundation/Application.php(237): Illuminate\\Foundation\\Bootstrap\\RegisterProviders->bootstrap(Object(Illuminate\\Foundation\\Application))
#11 /Users/oswinjerome/Projects/erp/vendor/laravel/framework/src/Illuminate/Foundation/Http/Kernel.php(152): Illuminate\\Foundation\\Application->bootstrapWith(Array)
#12 /Users/oswinjerome/Projects/erp/vendor/laravel/framework/src/Illuminate/Foundation/Http/Kernel.php(136): Illuminate\\Foundation\\Http\\Kernel->bootstrap()
#13 /Users/oswinjerome/Projects/erp/vendor/laravel/framework/src/Illuminate/Foundation/Http/Kernel.php(110): Illuminate\\Foundation\\Http\\Kernel->sendRequestThroughRouter(Object(Illuminate\\Http\\Request))
#14 /Users/oswinjerome/Projects/erp/public/index.php(52): Illuminate\\Foundation\\Http\\Kernel->handle(Object(Illuminate\\Http\\Request))
#15 /Users/oswinjerome/.composer/vendor/laravel/valet/server.php(234): require('/Users/oswinjer...')
#16 {main}
"} 
